Release 14.7 Map P.20131013 (nt64)
Xilinx Mapping Report File for Design 'Control_Unit'

Design Information
------------------
Command Line   : map -intstyle ise -p xc6slx45-csg484-3 -w -logic_opt off -ol
high -t 1 -xt 0 -register_duplication off -r 4 -global_opt off -mt off -ir off
-pr off -lc off -power off -o Control_Unit_map.ncd Control_Unit.ngd
Control_Unit.pcf 
Target Device  : xc6slx45
Target Package : csg484
Target Speed   : -3
Mapper Version : spartan6 -- $Revision: 1.55 $
Mapped Date    : Fri Jun 28 16:04:18 2019

Design Summary
--------------
Number of errors:      0
Number of warnings:    0
Slice Logic Utilization:
  Number of Slice Registers:                     0 out of  54,576    0%
  Number of Slice LUTs:                         11 out of  27,288    1%
    Number used as logic:                       11 out of  27,288    1%
      Number using O6 output only:              11
      Number using O5 output only:               0
      Number using O5 and O6:                    0
      Number used as ROM:                        0
    Number used as Memory:                       0 out of   6,408    0%

Slice Logic Distribution:
  Number of occupied Slices:                     6 out of   6,822    1%
  Number of MUXCYs used:                         0 out of  13,644    0%
  Number of LUT Flip Flop pairs used:           11
    Number with an unused Flip Flop:            11 out of      11  100%
    Number with an unused LUT:                   0 out of      11    0%
    Number of fully used LUT-FF pairs:           0 out of      11    0%
    Number of slice register sites lost
      to control set restrictions:               0 out of  54,576    0%

  A LUT Flip Flop pair for this architecture represents one LUT paired with
  one Flip Flop within a slice.  A control set is a unique combination of
  clock, reset, set, and enable signals for a registered element.
  The Slice Logic Distribution report is not meaningful if the design is
  over-mapped for a non-slice resource or if Placement fails.

IO Utilization:
  Number of bonded IOBs:                        17 out of     320    5%

Specific Feature Utilization:
  Number of RAMB16BWERs:                         0 out of     116    0%
  Number of RAMB8BWERs:                          0 out of     232    0%
  Number of BUFIO2/BUFIO2_2CLKs:                 0 out of      32    0%
  Number of BUFIO2FB/BUFIO2FB_2CLKs:             0 out of      32    0%
  Number of BUFG/BUFGMUXs:                       0 out of      16    0%
  Number of DCM/DCM_CLKGENs:                     0 out of       8    0%
  Number of ILOGIC2/ISERDES2s:                   0 out of     376    0%
  Number of IODELAY2/IODRP2/IODRP2_MCBs:         0 out of     376    0%
  Number of OLOGIC2/OSERDES2s:                   0 out of     376    0%
  Number of BSCANs:                              0 out of       4    0%
  Number of BUFHs:                               0 out of     256    0%
  Number of BUFPLLs:                             0 out of       8    0%
  Number of BUFPLL_MCBs:                         0 out of       4    0%
  Number of DSP48A1s:                            0 out of      58    0%
  Number of ICAPs:                               0 out of       1    0%
  Number of MCBs:                                0 out of       2    0%
  Number of PCILOGICSEs:                         0 out of       2    0%
  Number of PLL_ADVs:                            0 out of       4    0%
  Number of PMVs:                                0 out of       1    0%
  Number of STARTUPs:                            0 out of       1    0%
  Number of SUSPEND_SYNCs:                       0 out of       1    0%

Average Fanout of Non-Clock Nets:                3.78

Peak Memory Usage:  4618 MB
Total REAL time to MAP completion:  9 secs 
Total CPU time to MAP completion:   8 secs 

Table of Contents
-----------------
Section 1 - Errors
Section 2 - Warnings
Section 3 - Informational
Section 4 - Removed Logic Summary
Section 5 - Removed Logic
Section 6 - IOB Properties
Section 7 - RPMs
Section 8 - Guide Report
Section 9 - Area Group and Partition Summary
Section 10 - Timing Report
Section 11 - Configuration String Information
Section 12 - Control Set Information
Section 13 - Utilization by Hierarchy

Section 1 - Errors
------------------

Section 2 - Warnings
--------------------
WARNING:Security:42 - Your software subscription period has lapsed. Your current
version of Xilinx tools will continue to function, but you no longer qualify for
Xilinx software updates or new releases.

Section 3 - Informational
-------------------------
INFO:Security:54 - 'xc6slx45' is a WebPack part.
INFO:LIT:243 - Logical network func<5> has no load.
INFO:LIT:395 - The above info message is repeated 4 more times for the following
   (max. 5 shown):
   func<4>,
   func<3>,
   func<2>,
   func<0>
   To see the details of these info messages, please use the -detail switch.
INFO:MapLib:562 - No environment variables are currently set.
INFO:LIT:244 - All of the single ended outputs in this design are using slew
   rate limited output drivers. The delay on speed critical single ended outputs
   can be dramatically reduced by designating them as fast outputs.
INFO:Pack:1716 - Initializing temperature to 85.000 Celsius. (default - Range:
   0.000 to 85.000 Celsius)
INFO:Pack:1720 - Initializing voltage to 1.140 Volts. (default - Range: 1.140 to
   1.260 Volts)
INFO:Map:215 - The Interim Design Summary has been generated in the MAP Report
   (.mrp).
INFO:Pack:1650 - Map created a placed design.

Section 4 - Removed Logic Summary
---------------------------------
   1 block(s) optimized away

Section 5 - Removed Logic
-------------------------

Optimized Block(s):
TYPE 		BLOCK
GND 		XST_GND

Section 6 - IOB Properties
--------------------------

+---------------------------------------------------------------------------------------------------------------------------------------------------------+
| IOB Name                           | Type             | Direction | IO Standard          | Diff  | Drive    | Slew | Reg (s)      | Resistor | IOB      |
|                                    |                  |           |                      | Term  | Strength | Rate |              |          | Delay    |
+---------------------------------------------------------------------------------------------------------------------------------------------------------+
| ALUSrc                             | IOB              | OUTPUT    | LVCMOS25             |       | 12       | SLOW |              |          |          |
| ALU_ctr<0>                         | IOB              | OUTPUT    | LVCMOS25             |       | 12       | SLOW |              |          |          |
| ALU_ctr<1>                         | IOB              | OUTPUT    | LVCMOS25             |       | 12       | SLOW |              |          |          |
| ALU_ctr<2>                         | IOB              | OUTPUT    | LVCMOS25             |       | 12       | SLOW |              |          |          |
| Branch                             | IOB              | OUTPUT    | LVCMOS25             |       | 12       | SLOW |              |          |          |
| Jump                               | IOB              | OUTPUT    | LVCMOS25             |       | 12       | SLOW |              |          |          |
| MemWrite                           | IOB              | OUTPUT    | LVCMOS25             |       | 12       | SLOW |              |          |          |
| MemtoReg                           | IOB              | OUTPUT    | LVCMOS25             |       | 12       | SLOW |              |          |          |
| RegDst                             | IOB              | OUTPUT    | LVCMOS25             |       | 12       | SLOW |              |          |          |
| RegWrite                           | IOB              | OUTPUT    | LVCMOS25             |       | 12       | SLOW |              |          |          |
| func<1>                            | IOB              | INPUT     | LVCMOS25             |       |          |      |              |          |          |
| op<0>                              | IOB              | INPUT     | LVCMOS25             |       |          |      |              |          |          |
| op<1>                              | IOB              | INPUT     | LVCMOS25             |       |          |      |              |          |          |
| op<2>                              | IOB              | INPUT     | LVCMOS25             |       |          |      |              |          |          |
| op<3>                              | IOB              | INPUT     | LVCMOS25             |       |          |      |              |          |          |
| op<4>                              | IOB              | INPUT     | LVCMOS25             |       |          |      |              |          |          |
| op<5>                              | IOB              | INPUT     | LVCMOS25             |       |          |      |              |          |          |
+---------------------------------------------------------------------------------------------------------------------------------------------------------+

Section 7 - RPMs
----------------

Section 8 - Guide Report
------------------------
Guide not run on this design.

Section 9 - Area Group and Partition Summary
--------------------------------------------

Partition Implementation Status
-------------------------------

  No Partitions were found in this design.

-------------------------------

Area Group Information
----------------------

  No area groups were found in this design.

----------------------

Section 10 - Timing Report
--------------------------
A logic-level (pre-route) timing report can be generated by using Xilinx static
timing analysis tools, Timing Analyzer (GUI) or TRCE (command line), with the
mapped NCD and PCF files. Please note that this timing report will be generated
using estimated delay information. For accurate numbers, please generate a
timing report with the post Place and Route NCD file.

For more information about the Timing Analyzer, consult the Xilinx Timing
Analyzer Reference Manual; for more information about TRCE, consult the Xilinx
Command Line Tools User Guide "TRACE" chapter.

Section 11 - Configuration String Details
-----------------------------------------
Use the "-detail" map option to print out Configuration Strings

Section 12 - Control Set Information
------------------------------------
Use the "-detail" map option to print out Control Set Information.

Section 13 - Utilization by Hierarchy
-------------------------------------
Use the "-detail" map option to print out the Utilization by Hierarchy section.
