Release 14.7 - xst P.20131013 (nt64)
Copyright (c) 1995-2013 Xilinx, Inc.  All rights reserved.
--> Parameter TMPDIR set to xst/projnav.tmp


Total REAL time to Xst completion: 0.00 secs
Total CPU time to Xst completion: 0.20 secs
 
--> Parameter xsthdpdir set to xst


Total REAL time to Xst completion: 0.00 secs
Total CPU time to Xst completion: 0.20 secs
 
--> Reading design: Control_Unit.prj

TABLE OF CONTENTS
  1) Synthesis Options Summary
  2) HDL Parsing
  3) HDL Elaboration
  4) HDL Synthesis
       4.1) HDL Synthesis Report
  5) Advanced HDL Synthesis
       5.1) Advanced HDL Synthesis Report
  6) Low Level Synthesis
  7) Partition Report
  8) Design Summary
       8.1) Primitive and Black Box Usage
       8.2) Device utilization summary
       8.3) Partition Resource Summary
       8.4) Timing Report
            8.4.1) Clock Information
            8.4.2) Asynchronous Control Signals Information
            8.4.3) Timing Summary
            8.4.4) Timing Details
            8.4.5) Cross Clock Domains Report


=========================================================================
*                      Synthesis Options Summary                        *
=========================================================================
---- Source Parameters
Input File Name                    : "Control_Unit.prj"
Ignore Synthesis Constraint File   : NO

---- Target Parameters
Output File Name                   : "Control_Unit"
Output Format                      : NGC
Target Device                      : xc6slx45-3-csg484

---- Source Options
Top Module Name                    : Control_Unit
Automatic FSM Extraction           : YES
FSM Encoding Algorithm             : Auto
Safe Implementation                : No
FSM Style                          : LUT
RAM Extraction                     : Yes
RAM Style                          : Auto
ROM Extraction                     : Yes
Shift Register Extraction          : YES
ROM Style                          : Auto
Resource Sharing                   : YES
Asynchronous To Synchronous        : NO
Shift Register Minimum Size        : 2
Use DSP Block                      : Auto
Automatic Register Balancing       : No

---- Target Options
LUT Combining                      : Auto
Reduce Control Sets                : Auto
Add IO Buffers                     : YES
Global Maximum Fanout              : 100000
Add Generic Clock Buffer(BUFG)     : 16
Register Duplication               : YES
Optimize Instantiated Primitives   : NO
Use Clock Enable                   : Auto
Use Synchronous Set                : Auto
Use Synchronous Reset              : Auto
Pack IO Registers into IOBs        : Auto
Equivalent register Removal        : YES

---- General Options
Optimization Goal                  : Speed
Optimization Effort                : 1
Power Reduction                    : NO
Keep Hierarchy                     : No
Netlist Hierarchy                  : As_Optimized
RTL Output                         : Yes
Global Optimization                : AllClockNets
Read Cores                         : YES
Write Timing Constraints           : NO
Cross Clock Analysis               : NO
Hierarchy Separator                : /
Bus Delimiter                      : <>
Case Specifier                     : Maintain
Slice Utilization Ratio            : 100
BRAM Utilization Ratio             : 100
DSP48 Utilization Ratio            : 100
Auto BRAM Packing                  : NO
Slice Utilization Ratio Delta      : 5

=========================================================================


=========================================================================
*                          HDL Parsing                                  *
=========================================================================
Analyzing Verilog file "D:\Codes\Verilog\CPU\Control.v" into library work
Parsing module <Control>.
Analyzing Verilog file "D:\Codes\Verilog\CPU\ALUop.v" into library work
Parsing module <ALUop>.
Analyzing Verilog file "D:\Codes\Verilog\CPU\Control_Unit.v" into library work
Parsing module <Control_Unit>.

=========================================================================
*                            HDL Elaboration                            *
=========================================================================

Elaborating module <Control_Unit>.

Elaborating module <Control>.
WARNING:HDLCompiler:189 - "D:\Codes\Verilog\CPU\Control_Unit.v" Line 42: Size mismatch in connection of port <R_type>. Formal port size is 3-bit while actual signal size is 1-bit.

Elaborating module <ALUop>.

=========================================================================
*                           HDL Synthesis                               *
=========================================================================

Synthesizing Unit <Control_Unit>.
    Related source file is "D:\Codes\Verilog\CPU\Control_Unit.v".
    Summary:
	inferred   1 Multiplexer(s).
Unit <Control_Unit> synthesized.

Synthesizing Unit <Control>.
    Related source file is "D:\Codes\Verilog\CPU\Control.v".
    Summary:
	no macro.
Unit <Control> synthesized.

Synthesizing Unit <ALUop>.
    Related source file is "D:\Codes\Verilog\CPU\ALUop.v".
WARNING:Xst:647 - Input <func<0:0>> is never used. This port will be preserved and left unconnected if it belongs to a top-level block or it belongs to a sub-block and the hierarchy of this sub-block is preserved.
WARNING:Xst:647 - Input <func<5:2>> is never used. This port will be preserved and left unconnected if it belongs to a top-level block or it belongs to a sub-block and the hierarchy of this sub-block is preserved.
    Summary:
	no macro.
Unit <ALUop> synthesized.

=========================================================================
HDL Synthesis Report

Macro Statistics
# Multiplexers                                         : 1
 3-bit 2-to-1 multiplexer                              : 1

=========================================================================

=========================================================================
*                       Advanced HDL Synthesis                          *
=========================================================================


=========================================================================
Advanced HDL Synthesis Report

Macro Statistics
# Multiplexers                                         : 1
 3-bit 2-to-1 multiplexer                              : 1

=========================================================================

=========================================================================
*                         Low Level Synthesis                           *
=========================================================================

Optimizing unit <Control_Unit> ...

Mapping all equations...
Building and optimizing final netlist ...
Found area constraint ratio of 100 (+ 5) on block Control_Unit, actual ratio is 0.

Final Macro Processing ...

=========================================================================
Final Register Report

Found no macro
=========================================================================

=========================================================================
*                           Partition Report                            *
=========================================================================

Partition Implementation Status
-------------------------------

  No Partitions were found in this design.

-------------------------------

=========================================================================
*                            Design Summary                             *
=========================================================================

Top Level Output File Name         : Control_Unit.ngc

Primitive and Black Box Usage:
------------------------------
# BELS                             : 14
#      GND                         : 1
#      LUT2                        : 1
#      LUT3                        : 3
#      LUT6                        : 9
# IO Buffers                       : 18
#      IBUF                        : 7
#      OBUF                        : 11

Device utilization summary:
---------------------------

Selected Device : 6slx45csg484-3 


Slice Logic Utilization: 
 Number of Slice LUTs:                   13  out of  27288     0%  
    Number used as Logic:                13  out of  27288     0%  

Slice Logic Distribution: 
 Number of LUT Flip Flop pairs used:     13
   Number with an unused Flip Flop:      13  out of     13   100%  
   Number with an unused LUT:             0  out of     13     0%  
   Number of fully used LUT-FF pairs:     0  out of     13     0%  
   Number of unique control sets:         0

IO Utilization: 
 Number of IOs:                          23
 Number of bonded IOBs:                  18  out of    320     5%  

Specific Feature Utilization:

---------------------------
Partition Resource Summary:
---------------------------

  No Partitions were found in this design.

---------------------------


=========================================================================
Timing Report

NOTE: THESE TIMING NUMBERS ARE ONLY A SYNTHESIS ESTIMATE.
      FOR ACCURATE TIMING INFORMATION PLEASE REFER TO THE TRACE REPORT
      GENERATED AFTER PLACE-and-ROUTE.

Clock Information:
------------------
No clock signals found in this design

Asynchronous Control Signals Information:
----------------------------------------
No asynchronous control signals found in this design

Timing Summary:
---------------
Speed Grade: -3

   Minimum period: No path found
   Minimum input arrival time before clock: No path found
   Maximum output required time after clock: No path found
   Maximum combinational path delay: 6.987ns

Timing Details:
---------------
All values displayed in nanoseconds (ns)

=========================================================================
Timing constraint: Default path analysis
  Total number of paths / destination ports: 97 / 10
-------------------------------------------------------------------------
Delay:               6.987ns (Levels of Logic = 4)
  Source:            op<0> (PAD)
  Destination:       ALUSrc (PAD)

  Data Path: op<0> to ALUSrc
                                Gate     Net
    Cell:in->out      fanout   Delay   Delay  Logical Name (Net Name)
    ----------------------------------------  ------------
     IBUF:I->O             9   1.222   1.194  op_0_IBUF (op_0_IBUF)
     LUT6:I0->O            3   0.203   1.015  U0/i_lw<0>1 (MemtoReg_OBUF)
     LUT6:I0->O            1   0.203   0.579  U0/ALUSrc (ALUSrc_OBUF)
     OBUF:I->O                 2.571          ALUSrc_OBUF (ALUSrc)
    ----------------------------------------
    Total                      6.987ns (4.199ns logic, 2.788ns route)
                                       (60.1% logic, 39.9% route)

=========================================================================

Cross Clock Domains Report:
--------------------------

=========================================================================


Total REAL time to Xst completion: 5.00 secs
Total CPU time to Xst completion: 5.77 secs
 
--> 

Total memory usage is 4525256 kilobytes

Number of errors   :    0 (   0 filtered)
Number of warnings :    3 (   0 filtered)
Number of infos    :    0 (   0 filtered)

