Release 14.7 - xst P.20131013 (nt64)
Copyright (c) 1995-2013 Xilinx, Inc.  All rights reserved.
--> Parameter TMPDIR set to xst/projnav.tmp


Total REAL time to Xst completion: 0.00 secs
Total CPU time to Xst completion: 0.19 secs
 
--> Parameter xsthdpdir set to xst


Total REAL time to Xst completion: 0.00 secs
Total CPU time to Xst completion: 0.19 secs
 
--> Reading design: MIPS_CPU.prj

TABLE OF CONTENTS
  1) Synthesis Options Summary
  2) HDL Parsing
  3) HDL Elaboration
  4) HDL Synthesis
       4.1) HDL Synthesis Report
  5) Advanced HDL Synthesis
       5.1) Advanced HDL Synthesis Report
  6) Low Level Synthesis
  7) Partition Report
  8) Design Summary
       8.1) Primitive and Black Box Usage
       8.2) Device utilization summary
       8.3) Partition Resource Summary
       8.4) Timing Report
            8.4.1) Clock Information
            8.4.2) Asynchronous Control Signals Information
            8.4.3) Timing Summary
            8.4.4) Timing Details
            8.4.5) Cross Clock Domains Report


=========================================================================
*                      Synthesis Options Summary                        *
=========================================================================
---- Source Parameters
Input File Name                    : "MIPS_CPU.prj"
Ignore Synthesis Constraint File   : NO

---- Target Parameters
Output File Name                   : "MIPS_CPU"
Output Format                      : NGC
Target Device                      : xc6slx45-3-csg484

---- Source Options
Top Module Name                    : MIPS_CPU
Automatic FSM Extraction           : YES
FSM Encoding Algorithm             : Auto
Safe Implementation                : No
FSM Style                          : LUT
RAM Extraction                     : Yes
RAM Style                          : Auto
ROM Extraction                     : Yes
Shift Register Extraction          : YES
ROM Style                          : Auto
Resource Sharing                   : YES
Asynchronous To Synchronous        : NO
Shift Register Minimum Size        : 2
Use DSP Block                      : Auto
Automatic Register Balancing       : No

---- Target Options
LUT Combining                      : Auto
Reduce Control Sets                : Auto
Add IO Buffers                     : YES
Global Maximum Fanout              : 100000
Add Generic Clock Buffer(BUFG)     : 16
Register Duplication               : YES
Optimize Instantiated Primitives   : NO
Use Clock Enable                   : Auto
Use Synchronous Set                : Auto
Use Synchronous Reset              : Auto
Pack IO Registers into IOBs        : Auto
Equivalent register Removal        : YES

---- General Options
Optimization Goal                  : Speed
Optimization Effort                : 1
Power Reduction                    : NO
Keep Hierarchy                     : No
Netlist Hierarchy                  : As_Optimized
RTL Output                         : Yes
Global Optimization                : AllClockNets
Read Cores                         : YES
Write Timing Constraints           : NO
Cross Clock Analysis               : NO
Hierarchy Separator                : /
Bus Delimiter                      : <>
Case Specifier                     : Maintain
Slice Utilization Ratio            : 100
BRAM Utilization Ratio             : 100
DSP48 Utilization Ratio            : 100
Auto BRAM Packing                  : NO
Slice Utilization Ratio Delta      : 5

=========================================================================


=========================================================================
*                          HDL Parsing                                  *
=========================================================================
Analyzing Verilog file "D:\Codes\Verilog\CPU\PC.v" into library work
Parsing module <PC>.
Analyzing Verilog file "D:\Codes\Verilog\CPU\MUX_32_4_1.v" into library work
Parsing module <MUX32_4_1>.
Analyzing Verilog file "D:\Codes\Verilog\CPU\Left2Shifter.v" into library work
Parsing module <Left_2_Shifter>.
Analyzing Verilog file "D:\Codes\Verilog\CPU\JointAddr.v" into library work
Parsing module <Joint_Addr>.
Analyzing Verilog file "D:\Codes\Verilog\CPU\Control.v" into library work
Parsing module <Control>.
Analyzing Verilog file "D:\Codes\Verilog\CPU\ALUop.v" into library work
Parsing module <ALUop>.
Analyzing Verilog file "D:\Codes\Verilog\CPU\ADD32.v" into library work
Parsing module <ADD32>.
Analyzing Verilog file "D:\Codes\Verilog\CPU\RegFile.v" into library work
Parsing module <RegFile>.
Analyzing Verilog file "D:\Codes\Verilog\CPU\MUX_32_2_1.v" into library work
Parsing module <MUX32_2_1>.
Analyzing Verilog file "D:\Codes\Verilog\CPU\MUX5_2_1.v" into library work
Parsing module <MUX5_2_1>.
Analyzing Verilog file "D:\Codes\Verilog\CPU\Fetch.v" into library work
Parsing module <Fetch>.
Analyzing Verilog file "D:\Codes\Verilog\CPU\Extender.v" into library work
Parsing module <Extender>.
Analyzing Verilog file "D:\Codes\Verilog\CPU\Control_Unit.v" into library work
Parsing module <Control_Unit>.
Analyzing Verilog file "D:\Codes\Verilog\CPU\ALU.v" into library work
Parsing module <ALU>.
Analyzing Verilog file "D:\Codes\Verilog\CPU\MIPS_CPU.v" into library work
Parsing module <MIPS_CPU>.

=========================================================================
*                            HDL Elaboration                            *
=========================================================================

Elaborating module <MIPS_CPU>.

Elaborating module <Fetch>.

Elaborating module <Left_2_Shifter>.

Elaborating module <ADD32>.

Elaborating module <Joint_Addr>.

Elaborating module <MUX32_4_1>.

Elaborating module <PC>.

Elaborating module <Control_Unit>.

Elaborating module <Control>.
WARNING:HDLCompiler:189 - "D:\Codes\Verilog\CPU\Control_Unit.v" Line 35: Size mismatch in connection of port <R_type>. Formal port size is 3-bit while actual signal size is 1-bit.

Elaborating module <ALUop>.

Elaborating module <MUX5_2_1>.

Elaborating module <RegFile>.

Elaborating module <Extender>.

Elaborating module <MUX32_2_1>.

Elaborating module <ALU>.

=========================================================================
*                           HDL Synthesis                               *
=========================================================================

Synthesizing Unit <MIPS_CPU>.
    Related source file is "D:\Codes\Verilog\CPU\MIPS_CPU.v".
    Summary:
	no macro.
Unit <MIPS_CPU> synthesized.

Synthesizing Unit <Fetch>.
    Related source file is "D:\Codes\Verilog\CPU\Fetch.v".
    Summary:
	inferred   1 Multiplexer(s).
Unit <Fetch> synthesized.

Synthesizing Unit <Left_2_Shifter>.
    Related source file is "D:\Codes\Verilog\CPU\Left2Shifter.v".
WARNING:Xst:647 - Input <addr<31:30>> is never used. This port will be preserved and left unconnected if it belongs to a top-level block or it belongs to a sub-block and the hierarchy of this sub-block is preserved.
    Summary:
	no macro.
Unit <Left_2_Shifter> synthesized.

Synthesizing Unit <ADD32>.
    Related source file is "D:\Codes\Verilog\CPU\ADD32.v".
    Found 32-bit adder for signal <C> created at line 26.
    Summary:
	inferred   1 Adder/Subtractor(s).
Unit <ADD32> synthesized.

Synthesizing Unit <Joint_Addr>.
    Related source file is "D:\Codes\Verilog\CPU\JointAddr.v".
WARNING:Xst:647 - Input <PC<27:0>> is never used. This port will be preserved and left unconnected if it belongs to a top-level block or it belongs to a sub-block and the hierarchy of this sub-block is preserved.
WARNING:Xst:647 - Input <Instruction<31:26>> is never used. This port will be preserved and left unconnected if it belongs to a top-level block or it belongs to a sub-block and the hierarchy of this sub-block is preserved.
    Summary:
	no macro.
Unit <Joint_Addr> synthesized.

Synthesizing Unit <MUX32_4_1>.
    Related source file is "D:\Codes\Verilog\CPU\MUX_32_4_1.v".
    Found 32-bit 4-to-1 multiplexer for signal <out> created at line 24.
    Summary:
	inferred   1 Multiplexer(s).
Unit <MUX32_4_1> synthesized.

Synthesizing Unit <PC>.
    Related source file is "D:\Codes\Verilog\CPU\PC.v".
    Found 32-bit register for signal <PC_reg>.
    Summary:
	inferred  32 D-type flip-flop(s).
Unit <PC> synthesized.

Synthesizing Unit <Control_Unit>.
    Related source file is "D:\Codes\Verilog\CPU\Control_Unit.v".
    Summary:
	inferred   1 Multiplexer(s).
Unit <Control_Unit> synthesized.

Synthesizing Unit <Control>.
    Related source file is "D:\Codes\Verilog\CPU\Control.v".
    Summary:
	no macro.
Unit <Control> synthesized.

Synthesizing Unit <ALUop>.
    Related source file is "D:\Codes\Verilog\CPU\ALUop.v".
WARNING:Xst:647 - Input <func<0:0>> is never used. This port will be preserved and left unconnected if it belongs to a top-level block or it belongs to a sub-block and the hierarchy of this sub-block is preserved.
WARNING:Xst:647 - Input <func<5:2>> is never used. This port will be preserved and left unconnected if it belongs to a top-level block or it belongs to a sub-block and the hierarchy of this sub-block is preserved.
    Summary:
	no macro.
Unit <ALUop> synthesized.

Synthesizing Unit <MUX5_2_1>.
    Related source file is "D:\Codes\Verilog\CPU\MUX5_2_1.v".
    Summary:
	inferred   1 Multiplexer(s).
Unit <MUX5_2_1> synthesized.

Synthesizing Unit <RegFile>.
    Related source file is "D:\Codes\Verilog\CPU\RegFile.v".
    Found 32x32-bit dual-port RAM <Mram_Register> for signal <Register>.
    Summary:
	inferred   2 RAM(s).
	inferred   2 Multiplexer(s).
Unit <RegFile> synthesized.

Synthesizing Unit <Extender>.
    Related source file is "D:\Codes\Verilog\CPU\Extender.v".
    Summary:
	inferred   1 Multiplexer(s).
Unit <Extender> synthesized.

Synthesizing Unit <MUX32_2_1>.
    Related source file is "D:\Codes\Verilog\CPU\MUX_32_2_1.v".
    Summary:
	inferred   1 Multiplexer(s).
Unit <MUX32_2_1> synthesized.

Synthesizing Unit <ALU>.
    Related source file is "D:\Codes\Verilog\CPU\ALU.v".
    Found 32-bit subtractor for signal <A[31]_B[31]_sub_2_OUT> created at line 38.
    Found 32-bit adder for signal <A[31]_B[31]_add_0_OUT> created at line 37.
    Found 32-bit 8-to-1 multiplexer for signal <Result> created at line 36.
    Summary:
	inferred   1 Adder/Subtractor(s).
	inferred  12 Multiplexer(s).
Unit <ALU> synthesized.

=========================================================================
HDL Synthesis Report

Macro Statistics
# RAMs                                                 : 2
 32x32-bit dual-port RAM                               : 2
# Adders/Subtractors                                   : 3
 32-bit adder                                          : 2
 32-bit addsub                                         : 1
# Registers                                            : 1
 32-bit register                                       : 1
# Multiplexers                                         : 20
 1-bit 2-to-1 multiplexer                              : 1
 2-bit 2-to-1 multiplexer                              : 1
 3-bit 2-to-1 multiplexer                              : 1
 32-bit 2-to-1 multiplexer                             : 15
 32-bit 4-to-1 multiplexer                             : 1
 5-bit 2-to-1 multiplexer                              : 1
# Xors                                                 : 1
 32-bit xor2                                           : 1

=========================================================================
INFO:Xst:1767 - HDL ADVISOR - Resource sharing has identified that some arithmetic operations in this design can share the same physical resources for reduced device utilization. For improved clock frequency you may try to disable resource sharing.

=========================================================================
*                       Advanced HDL Synthesis                          *
=========================================================================


Synthesizing (advanced) Unit <RegFile>.
INFO:Xst:3218 - HDL ADVISOR - The RAM <Mram_Register> will be implemented on LUTs either because you have described an asynchronous read or because of currently unsupported block RAM features. If you have described an asynchronous read, making it synchronous would allow you to take advantage of available block RAM resources, for optimized device usage and improved timings. Please refer to your documentation for coding guidelines.
    -----------------------------------------------------------------------
    | ram_type           | Distributed                         |          |
    -----------------------------------------------------------------------
    | Port A                                                              |
    |     aspect ratio   | 32-word x 32-bit                    |          |
    |     clkA           | connected to signal <Clock>         | rise     |
    |     weA            | connected to internal node          | high     |
    |     addrA          | connected to signal <Wn>            |          |
    |     diA            | connected to signal <Wd>            |          |
    -----------------------------------------------------------------------
    | Port B                                                              |
    |     aspect ratio   | 32-word x 32-bit                    |          |
    |     addrB          | connected to signal <Rn1>           |          |
    |     doB            | connected to internal node          |          |
    -----------------------------------------------------------------------
INFO:Xst:3218 - HDL ADVISOR - The RAM <Mram_Register1> will be implemented on LUTs either because you have described an asynchronous read or because of currently unsupported block RAM features. If you have described an asynchronous read, making it synchronous would allow you to take advantage of available block RAM resources, for optimized device usage and improved timings. Please refer to your documentation for coding guidelines.
    -----------------------------------------------------------------------
    | ram_type           | Distributed                         |          |
    -----------------------------------------------------------------------
    | Port A                                                              |
    |     aspect ratio   | 32-word x 32-bit                    |          |
    |     clkA           | connected to signal <Clock>         | rise     |
    |     weA            | connected to internal node          | high     |
    |     addrA          | connected to signal <Wn>            |          |
    |     diA            | connected to signal <Wd>            |          |
    -----------------------------------------------------------------------
    | Port B                                                              |
    |     aspect ratio   | 32-word x 32-bit                    |          |
    |     addrB          | connected to signal <Rn2>           |          |
    |     doB            | connected to internal node          |          |
    -----------------------------------------------------------------------
Unit <RegFile> synthesized (advanced).

=========================================================================
Advanced HDL Synthesis Report

Macro Statistics
# RAMs                                                 : 2
 32x32-bit dual-port distributed RAM                   : 2
# Adders/Subtractors                                   : 3
 32-bit adder                                          : 2
 32-bit addsub                                         : 1
# Registers                                            : 32
 Flip-Flops                                            : 32
# Multiplexers                                         : 19
 1-bit 2-to-1 multiplexer                              : 1
 3-bit 2-to-1 multiplexer                              : 1
 32-bit 2-to-1 multiplexer                             : 15
 32-bit 4-to-1 multiplexer                             : 1
 5-bit 2-to-1 multiplexer                              : 1
# Xors                                                 : 1
 32-bit xor2                                           : 1

=========================================================================

=========================================================================
*                         Low Level Synthesis                           *
=========================================================================

Optimizing unit <PC> ...

Optimizing unit <MIPS_CPU> ...

Optimizing unit <Fetch> ...

Optimizing unit <RegFile> ...

Optimizing unit <ALU> ...
WARNING:Xst:1710 - FF/Latch <Fetch/PC/PC_reg_1> (without init value) has a constant value of 0 in block <MIPS_CPU>. This FF/Latch will be trimmed during the optimization process.
WARNING:Xst:1895 - Due to other FF/Latch trimming, FF/Latch <Fetch/PC/PC_reg_0> (without init value) has a constant value of 0 in block <MIPS_CPU>. This FF/Latch will be trimmed during the optimization process.

Mapping all equations...
Building and optimizing final netlist ...
Found area constraint ratio of 100 (+ 5) on block MIPS_CPU, actual ratio is 1.

Final Macro Processing ...

=========================================================================
Final Register Report

Macro Statistics
# Registers                                            : 30
 Flip-Flops                                            : 30

=========================================================================

=========================================================================
*                           Partition Report                            *
=========================================================================

Partition Implementation Status
-------------------------------

  No Partitions were found in this design.

-------------------------------

=========================================================================
*                            Design Summary                             *
=========================================================================

Top Level Output File Name         : MIPS_CPU.ngc

Primitive and Black Box Usage:
------------------------------
# BELS                             : 529
#      GND                         : 1
#      INV                         : 1
#      LUT1                        : 29
#      LUT2                        : 18
#      LUT3                        : 24
#      LUT4                        : 16
#      LUT5                        : 35
#      LUT6                        : 223
#      MUXCY                       : 89
#      VCC                         : 1
#      XORCY                       : 92
# FlipFlops/Latches                : 30
#      FDR                         : 30
# RAMS                             : 14
#      RAM32M                      : 10
#      RAM32X1D                    : 4
# Clock Buffers                    : 1
#      BUFGP                       : 1
# IO Buffers                       : 227
#      IBUF                        : 65
#      OBUF                        : 162

Device utilization summary:
---------------------------

Selected Device : 6slx45csg484-3 


Slice Logic Utilization: 
 Number of Slice Registers:              30  out of  54576     0%  
 Number of Slice LUTs:                  394  out of  27288     1%  
    Number used as Logic:               346  out of  27288     1%  
    Number used as Memory:               48  out of   6408     0%  
       Number used as RAM:               48

Slice Logic Distribution: 
 Number of LUT Flip Flop pairs used:    394
   Number with an unused Flip Flop:     364  out of    394    92%  
   Number with an unused LUT:             0  out of    394     0%  
   Number of fully used LUT-FF pairs:    30  out of    394     7%  
   Number of unique control sets:         1

IO Utilization: 
 Number of IOs:                         228
 Number of bonded IOBs:                 228  out of    320    71%  

Specific Feature Utilization:
 Number of BUFG/BUFGCTRLs:                1  out of     16     6%  

---------------------------
Partition Resource Summary:
---------------------------

  No Partitions were found in this design.

---------------------------


=========================================================================
Timing Report

NOTE: THESE TIMING NUMBERS ARE ONLY A SYNTHESIS ESTIMATE.
      FOR ACCURATE TIMING INFORMATION PLEASE REFER TO THE TRACE REPORT
      GENERATED AFTER PLACE-and-ROUTE.

Clock Information:
------------------
-----------------------------------+------------------------+-------+
Clock Signal                       | Clock buffer(FF name)  | Load  |
-----------------------------------+------------------------+-------+
Clock                              | BUFGP                  | 44    |
-----------------------------------+------------------------+-------+

Asynchronous Control Signals Information:
----------------------------------------
No asynchronous control signals found in this design

Timing Summary:
---------------
Speed Grade: -3

   Minimum period: 6.874ns (Maximum Frequency: 145.466MHz)
   Minimum input arrival time before clock: 12.315ns
   Maximum output required time after clock: 6.762ns
   Maximum combinational path delay: 12.202ns

Timing Details:
---------------
All values displayed in nanoseconds (ns)

=========================================================================
Timing constraint: Default period analysis for Clock 'Clock'
  Clock period: 6.874ns (frequency: 145.466MHz)
  Total number of paths / destination ports: 79044 / 30
-------------------------------------------------------------------------
Delay:               6.874ns (Levels of Logic = 24)
  Source:            RegFile/Mram_Register2 (RAM)
  Destination:       Fetch/PC/PC_reg_31 (FF)
  Source Clock:      Clock rising
  Destination Clock: Clock rising

  Data Path: RegFile/Mram_Register2 to Fetch/PC/PC_reg_31
                                Gate     Net
    Cell:in->out      fanout   Delay   Delay  Logical Name (Net Name)
    ----------------------------------------  ------------
     RAM32M:WCLK->DOA0     1   0.910   0.580  RegFile/Mram_Register2 (RegFile/Rn1[4]_read_port_1_OUT<0>)
     LUT6:I5->O            3   0.205   0.755  RegFile/Mmux_Out1110 (Out1_0_OBUF)
     LUT6:I4->O            1   0.203   0.000  ALU/Mmux_Result7_rs_lut<0> (ALU/Mmux_Result7_rs_lut<0>)
     MUXCY:S->O            1   0.172   0.000  ALU/Mmux_Result7_rs_cy<0> (ALU/Mmux_Result7_rs_cy<0>)
     MUXCY:CI->O           1   0.019   0.000  ALU/Mmux_Result7_rs_cy<1> (ALU/Mmux_Result7_rs_cy<1>)
     MUXCY:CI->O           1   0.019   0.000  ALU/Mmux_Result7_rs_cy<2> (ALU/Mmux_Result7_rs_cy<2>)
     MUXCY:CI->O           1   0.019   0.000  ALU/Mmux_Result7_rs_cy<3> (ALU/Mmux_Result7_rs_cy<3>)
     MUXCY:CI->O           1   0.019   0.000  ALU/Mmux_Result7_rs_cy<4> (ALU/Mmux_Result7_rs_cy<4>)
     MUXCY:CI->O           1   0.019   0.000  ALU/Mmux_Result7_rs_cy<5> (ALU/Mmux_Result7_rs_cy<5>)
     MUXCY:CI->O           1   0.019   0.000  ALU/Mmux_Result7_rs_cy<6> (ALU/Mmux_Result7_rs_cy<6>)
     MUXCY:CI->O           1   0.019   0.000  ALU/Mmux_Result7_rs_cy<7> (ALU/Mmux_Result7_rs_cy<7>)
     MUXCY:CI->O           1   0.019   0.000  ALU/Mmux_Result7_rs_cy<8> (ALU/Mmux_Result7_rs_cy<8>)
     MUXCY:CI->O           1   0.019   0.000  ALU/Mmux_Result7_rs_cy<9> (ALU/Mmux_Result7_rs_cy<9>)
     MUXCY:CI->O           1   0.019   0.000  ALU/Mmux_Result7_rs_cy<10> (ALU/Mmux_Result7_rs_cy<10>)
     MUXCY:CI->O           1   0.019   0.000  ALU/Mmux_Result7_rs_cy<11> (ALU/Mmux_Result7_rs_cy<11>)
     MUXCY:CI->O           1   0.019   0.000  ALU/Mmux_Result7_rs_cy<12> (ALU/Mmux_Result7_rs_cy<12>)
     MUXCY:CI->O           1   0.019   0.000  ALU/Mmux_Result7_rs_cy<13> (ALU/Mmux_Result7_rs_cy<13>)
     MUXCY:CI->O           1   0.019   0.000  ALU/Mmux_Result7_rs_cy<14> (ALU/Mmux_Result7_rs_cy<14>)
     MUXCY:CI->O           1   0.019   0.000  ALU/Mmux_Result7_rs_cy<15> (ALU/Mmux_Result7_rs_cy<15>)
     MUXCY:CI->O           1   0.019   0.000  ALU/Mmux_Result7_rs_cy<16> (ALU/Mmux_Result7_rs_cy<16>)
     MUXCY:CI->O           1   0.019   0.000  ALU/Mmux_Result7_rs_cy<17> (ALU/Mmux_Result7_rs_cy<17>)
     XORCY:CI->O           2   0.180   0.981  ALU/Mmux_Result7_rs_xor<18> (ALU_result_18_OBUF)
     LUT6:I0->O            2   0.203   0.845  ALU/Zero4 (ALU/Zero3)
     LUT6:I3->O           16   0.205   1.005  ALU/Zero7 (Zero)
     LUT6:I5->O            1   0.205   0.000  Fetch/NextPcGetter/Mmux_out91 (Fetch/next_pc<17>)
     FDR:D                     0.102          Fetch/PC/PC_reg_17
    ----------------------------------------
    Total                      6.874ns (2.708ns logic, 4.166ns route)
                                       (39.4% logic, 60.6% route)

=========================================================================
Timing constraint: Default OFFSET IN BEFORE for Clock 'Clock'
  Total number of paths / destination ports: 3323337 / 228
-------------------------------------------------------------------------
Offset:              12.315ns (Levels of Logic = 24)
  Source:            Instruction<29> (PAD)
  Destination:       Fetch/PC/PC_reg_31 (FF)
  Destination Clock: Clock rising

  Data Path: Instruction<29> to Fetch/PC/PC_reg_31
                                Gate     Net
    Cell:in->out      fanout   Delay   Delay  Logical Name (Net Name)
    ----------------------------------------  ------------
     IBUF:I->O             7   1.222   1.138  Instruction_29_IBUF (Instruction_29_IBUF)
     LUT6:I0->O          118   0.203   1.925  ControlUnit/U0/i_ori<0>1 (ControlUnit/ALU_op1<1>)
     LUT6:I5->O          100   0.205   2.106  ControlUnit/U0/ALUSrc (ALUSrc)
     LUT6:I3->O            1   0.205   0.944  ALU/Mmux_Result7_rs_lut<3>_SW0 (N50)
     LUT6:I0->O            1   0.203   0.000  ALU/Mmux_Result7_rs_lut<3> (ALU/Mmux_Result7_rs_lut<3>)
     MUXCY:S->O            1   0.172   0.000  ALU/Mmux_Result7_rs_cy<3> (ALU/Mmux_Result7_rs_cy<3>)
     MUXCY:CI->O           1   0.019   0.000  ALU/Mmux_Result7_rs_cy<4> (ALU/Mmux_Result7_rs_cy<4>)
     MUXCY:CI->O           1   0.019   0.000  ALU/Mmux_Result7_rs_cy<5> (ALU/Mmux_Result7_rs_cy<5>)
     MUXCY:CI->O           1   0.019   0.000  ALU/Mmux_Result7_rs_cy<6> (ALU/Mmux_Result7_rs_cy<6>)
     MUXCY:CI->O           1   0.019   0.000  ALU/Mmux_Result7_rs_cy<7> (ALU/Mmux_Result7_rs_cy<7>)
     MUXCY:CI->O           1   0.019   0.000  ALU/Mmux_Result7_rs_cy<8> (ALU/Mmux_Result7_rs_cy<8>)
     MUXCY:CI->O           1   0.019   0.000  ALU/Mmux_Result7_rs_cy<9> (ALU/Mmux_Result7_rs_cy<9>)
     MUXCY:CI->O           1   0.019   0.000  ALU/Mmux_Result7_rs_cy<10> (ALU/Mmux_Result7_rs_cy<10>)
     MUXCY:CI->O           1   0.019   0.000  ALU/Mmux_Result7_rs_cy<11> (ALU/Mmux_Result7_rs_cy<11>)
     MUXCY:CI->O           1   0.019   0.000  ALU/Mmux_Result7_rs_cy<12> (ALU/Mmux_Result7_rs_cy<12>)
     MUXCY:CI->O           1   0.019   0.000  ALU/Mmux_Result7_rs_cy<13> (ALU/Mmux_Result7_rs_cy<13>)
     MUXCY:CI->O           1   0.019   0.000  ALU/Mmux_Result7_rs_cy<14> (ALU/Mmux_Result7_rs_cy<14>)
     MUXCY:CI->O           1   0.019   0.000  ALU/Mmux_Result7_rs_cy<15> (ALU/Mmux_Result7_rs_cy<15>)
     MUXCY:CI->O           1   0.019   0.000  ALU/Mmux_Result7_rs_cy<16> (ALU/Mmux_Result7_rs_cy<16>)
     MUXCY:CI->O           1   0.019   0.000  ALU/Mmux_Result7_rs_cy<17> (ALU/Mmux_Result7_rs_cy<17>)
     XORCY:CI->O           2   0.180   0.981  ALU/Mmux_Result7_rs_xor<18> (ALU_result_18_OBUF)
     LUT6:I0->O            2   0.203   0.845  ALU/Zero4 (ALU/Zero3)
     LUT6:I3->O           16   0.205   1.005  ALU/Zero7 (Zero)
     LUT6:I5->O            1   0.205   0.000  Fetch/NextPcGetter/Mmux_out91 (Fetch/next_pc<17>)
     FDR:D                     0.102          Fetch/PC/PC_reg_17
    ----------------------------------------
    Total                     12.315ns (3.371ns logic, 8.944ns route)
                                       (27.4% logic, 72.6% route)

=========================================================================
Timing constraint: Default OFFSET OUT AFTER for Clock 'Clock'
  Total number of paths / destination ports: 2398 / 126
-------------------------------------------------------------------------
Offset:              6.762ns (Levels of Logic = 35)
  Source:            RegFile/Mram_Register2 (RAM)
  Destination:       ALU_result<31> (PAD)
  Source Clock:      Clock rising

  Data Path: RegFile/Mram_Register2 to ALU_result<31>
                                Gate     Net
    Cell:in->out      fanout   Delay   Delay  Logical Name (Net Name)
    ----------------------------------------  ------------
     RAM32M:WCLK->DOA0     1   0.910   0.580  RegFile/Mram_Register2 (RegFile/Rn1[4]_read_port_1_OUT<0>)
     LUT6:I5->O            3   0.205   0.755  RegFile/Mmux_Out1110 (Out1_0_OBUF)
     LUT6:I4->O            1   0.203   0.000  ALU/Mmux_Result7_rs_lut<0> (ALU/Mmux_Result7_rs_lut<0>)
     MUXCY:S->O            1   0.172   0.000  ALU/Mmux_Result7_rs_cy<0> (ALU/Mmux_Result7_rs_cy<0>)
     MUXCY:CI->O           1   0.019   0.000  ALU/Mmux_Result7_rs_cy<1> (ALU/Mmux_Result7_rs_cy<1>)
     MUXCY:CI->O           1   0.019   0.000  ALU/Mmux_Result7_rs_cy<2> (ALU/Mmux_Result7_rs_cy<2>)
     MUXCY:CI->O           1   0.019   0.000  ALU/Mmux_Result7_rs_cy<3> (ALU/Mmux_Result7_rs_cy<3>)
     MUXCY:CI->O           1   0.019   0.000  ALU/Mmux_Result7_rs_cy<4> (ALU/Mmux_Result7_rs_cy<4>)
     MUXCY:CI->O           1   0.019   0.000  ALU/Mmux_Result7_rs_cy<5> (ALU/Mmux_Result7_rs_cy<5>)
     MUXCY:CI->O           1   0.019   0.000  ALU/Mmux_Result7_rs_cy<6> (ALU/Mmux_Result7_rs_cy<6>)
     MUXCY:CI->O           1   0.019   0.000  ALU/Mmux_Result7_rs_cy<7> (ALU/Mmux_Result7_rs_cy<7>)
     MUXCY:CI->O           1   0.019   0.000  ALU/Mmux_Result7_rs_cy<8> (ALU/Mmux_Result7_rs_cy<8>)
     MUXCY:CI->O           1   0.019   0.000  ALU/Mmux_Result7_rs_cy<9> (ALU/Mmux_Result7_rs_cy<9>)
     MUXCY:CI->O           1   0.019   0.000  ALU/Mmux_Result7_rs_cy<10> (ALU/Mmux_Result7_rs_cy<10>)
     MUXCY:CI->O           1   0.019   0.000  ALU/Mmux_Result7_rs_cy<11> (ALU/Mmux_Result7_rs_cy<11>)
     MUXCY:CI->O           1   0.019   0.000  ALU/Mmux_Result7_rs_cy<12> (ALU/Mmux_Result7_rs_cy<12>)
     MUXCY:CI->O           1   0.019   0.000  ALU/Mmux_Result7_rs_cy<13> (ALU/Mmux_Result7_rs_cy<13>)
     MUXCY:CI->O           1   0.019   0.000  ALU/Mmux_Result7_rs_cy<14> (ALU/Mmux_Result7_rs_cy<14>)
     MUXCY:CI->O           1   0.019   0.000  ALU/Mmux_Result7_rs_cy<15> (ALU/Mmux_Result7_rs_cy<15>)
     MUXCY:CI->O           1   0.019   0.000  ALU/Mmux_Result7_rs_cy<16> (ALU/Mmux_Result7_rs_cy<16>)
     MUXCY:CI->O           1   0.019   0.000  ALU/Mmux_Result7_rs_cy<17> (ALU/Mmux_Result7_rs_cy<17>)
     MUXCY:CI->O           1   0.019   0.000  ALU/Mmux_Result7_rs_cy<18> (ALU/Mmux_Result7_rs_cy<18>)
     MUXCY:CI->O           1   0.019   0.000  ALU/Mmux_Result7_rs_cy<19> (ALU/Mmux_Result7_rs_cy<19>)
     MUXCY:CI->O           1   0.019   0.000  ALU/Mmux_Result7_rs_cy<20> (ALU/Mmux_Result7_rs_cy<20>)
     MUXCY:CI->O           1   0.019   0.000  ALU/Mmux_Result7_rs_cy<21> (ALU/Mmux_Result7_rs_cy<21>)
     MUXCY:CI->O           1   0.019   0.000  ALU/Mmux_Result7_rs_cy<22> (ALU/Mmux_Result7_rs_cy<22>)
     MUXCY:CI->O           1   0.019   0.000  ALU/Mmux_Result7_rs_cy<23> (ALU/Mmux_Result7_rs_cy<23>)
     MUXCY:CI->O           1   0.019   0.000  ALU/Mmux_Result7_rs_cy<24> (ALU/Mmux_Result7_rs_cy<24>)
     MUXCY:CI->O           1   0.019   0.000  ALU/Mmux_Result7_rs_cy<25> (ALU/Mmux_Result7_rs_cy<25>)
     MUXCY:CI->O           1   0.019   0.000  ALU/Mmux_Result7_rs_cy<26> (ALU/Mmux_Result7_rs_cy<26>)
     MUXCY:CI->O           1   0.019   0.000  ALU/Mmux_Result7_rs_cy<27> (ALU/Mmux_Result7_rs_cy<27>)
     MUXCY:CI->O           1   0.019   0.000  ALU/Mmux_Result7_rs_cy<28> (ALU/Mmux_Result7_rs_cy<28>)
     MUXCY:CI->O           1   0.019   0.000  ALU/Mmux_Result7_rs_cy<29> (ALU/Mmux_Result7_rs_cy<29>)
     MUXCY:CI->O           0   0.019   0.000  ALU/Mmux_Result7_rs_cy<30> (ALU/Mmux_Result7_rs_cy<30>)
     XORCY:CI->O           2   0.180   0.616  ALU/Mmux_Result7_rs_xor<31> (ALU_result_31_OBUF)
     OBUF:I->O                 2.571          ALU_result_31_OBUF (ALU_result<31>)
    ----------------------------------------
    Total                      6.762ns (4.811ns logic, 1.951ns route)
                                       (71.1% logic, 28.9% route)

=========================================================================
Timing constraint: Default path analysis
  Total number of paths / destination ports: 111159 / 130
-------------------------------------------------------------------------
Delay:               12.202ns (Levels of Logic = 35)
  Source:            Instruction<29> (PAD)
  Destination:       ALU_result<31> (PAD)

  Data Path: Instruction<29> to ALU_result<31>
                                Gate     Net
    Cell:in->out      fanout   Delay   Delay  Logical Name (Net Name)
    ----------------------------------------  ------------
     IBUF:I->O             7   1.222   1.138  Instruction_29_IBUF (Instruction_29_IBUF)
     LUT6:I0->O          118   0.203   1.925  ControlUnit/U0/i_ori<0>1 (ControlUnit/ALU_op1<1>)
     LUT6:I5->O          100   0.205   2.106  ControlUnit/U0/ALUSrc (ALUSrc)
     LUT6:I3->O            1   0.205   0.944  ALU/Mmux_Result7_rs_lut<3>_SW0 (N50)
     LUT6:I0->O            1   0.203   0.000  ALU/Mmux_Result7_rs_lut<3> (ALU/Mmux_Result7_rs_lut<3>)
     MUXCY:S->O            1   0.172   0.000  ALU/Mmux_Result7_rs_cy<3> (ALU/Mmux_Result7_rs_cy<3>)
     MUXCY:CI->O           1   0.019   0.000  ALU/Mmux_Result7_rs_cy<4> (ALU/Mmux_Result7_rs_cy<4>)
     MUXCY:CI->O           1   0.019   0.000  ALU/Mmux_Result7_rs_cy<5> (ALU/Mmux_Result7_rs_cy<5>)
     MUXCY:CI->O           1   0.019   0.000  ALU/Mmux_Result7_rs_cy<6> (ALU/Mmux_Result7_rs_cy<6>)
     MUXCY:CI->O           1   0.019   0.000  ALU/Mmux_Result7_rs_cy<7> (ALU/Mmux_Result7_rs_cy<7>)
     MUXCY:CI->O           1   0.019   0.000  ALU/Mmux_Result7_rs_cy<8> (ALU/Mmux_Result7_rs_cy<8>)
     MUXCY:CI->O           1   0.019   0.000  ALU/Mmux_Result7_rs_cy<9> (ALU/Mmux_Result7_rs_cy<9>)
     MUXCY:CI->O           1   0.019   0.000  ALU/Mmux_Result7_rs_cy<10> (ALU/Mmux_Result7_rs_cy<10>)
     MUXCY:CI->O           1   0.019   0.000  ALU/Mmux_Result7_rs_cy<11> (ALU/Mmux_Result7_rs_cy<11>)
     MUXCY:CI->O           1   0.019   0.000  ALU/Mmux_Result7_rs_cy<12> (ALU/Mmux_Result7_rs_cy<12>)
     MUXCY:CI->O           1   0.019   0.000  ALU/Mmux_Result7_rs_cy<13> (ALU/Mmux_Result7_rs_cy<13>)
     MUXCY:CI->O           1   0.019   0.000  ALU/Mmux_Result7_rs_cy<14> (ALU/Mmux_Result7_rs_cy<14>)
     MUXCY:CI->O           1   0.019   0.000  ALU/Mmux_Result7_rs_cy<15> (ALU/Mmux_Result7_rs_cy<15>)
     MUXCY:CI->O           1   0.019   0.000  ALU/Mmux_Result7_rs_cy<16> (ALU/Mmux_Result7_rs_cy<16>)
     MUXCY:CI->O           1   0.019   0.000  ALU/Mmux_Result7_rs_cy<17> (ALU/Mmux_Result7_rs_cy<17>)
     MUXCY:CI->O           1   0.019   0.000  ALU/Mmux_Result7_rs_cy<18> (ALU/Mmux_Result7_rs_cy<18>)
     MUXCY:CI->O           1   0.019   0.000  ALU/Mmux_Result7_rs_cy<19> (ALU/Mmux_Result7_rs_cy<19>)
     MUXCY:CI->O           1   0.019   0.000  ALU/Mmux_Result7_rs_cy<20> (ALU/Mmux_Result7_rs_cy<20>)
     MUXCY:CI->O           1   0.019   0.000  ALU/Mmux_Result7_rs_cy<21> (ALU/Mmux_Result7_rs_cy<21>)
     MUXCY:CI->O           1   0.019   0.000  ALU/Mmux_Result7_rs_cy<22> (ALU/Mmux_Result7_rs_cy<22>)
     MUXCY:CI->O           1   0.019   0.000  ALU/Mmux_Result7_rs_cy<23> (ALU/Mmux_Result7_rs_cy<23>)
     MUXCY:CI->O           1   0.019   0.000  ALU/Mmux_Result7_rs_cy<24> (ALU/Mmux_Result7_rs_cy<24>)
     MUXCY:CI->O           1   0.019   0.000  ALU/Mmux_Result7_rs_cy<25> (ALU/Mmux_Result7_rs_cy<25>)
     MUXCY:CI->O           1   0.019   0.000  ALU/Mmux_Result7_rs_cy<26> (ALU/Mmux_Result7_rs_cy<26>)
     MUXCY:CI->O           1   0.019   0.000  ALU/Mmux_Result7_rs_cy<27> (ALU/Mmux_Result7_rs_cy<27>)
     MUXCY:CI->O           1   0.019   0.000  ALU/Mmux_Result7_rs_cy<28> (ALU/Mmux_Result7_rs_cy<28>)
     MUXCY:CI->O           1   0.019   0.000  ALU/Mmux_Result7_rs_cy<29> (ALU/Mmux_Result7_rs_cy<29>)
     MUXCY:CI->O           0   0.019   0.000  ALU/Mmux_Result7_rs_cy<30> (ALU/Mmux_Result7_rs_cy<30>)
     XORCY:CI->O           2   0.180   0.616  ALU/Mmux_Result7_rs_xor<31> (ALU_result_31_OBUF)
     OBUF:I->O                 2.571          ALU_result_31_OBUF (ALU_result<31>)
    ----------------------------------------
    Total                     12.202ns (5.474ns logic, 6.728ns route)
                                       (44.9% logic, 55.1% route)

=========================================================================

Cross Clock Domains Report:
--------------------------

Clock to Setup on destination clock Clock
---------------+---------+---------+---------+---------+
               | Src:Rise| Src:Fall| Src:Rise| Src:Fall|
Source Clock   |Dest:Rise|Dest:Rise|Dest:Fall|Dest:Fall|
---------------+---------+---------+---------+---------+
Clock          |    6.874|         |         |         |
---------------+---------+---------+---------+---------+

=========================================================================


Total REAL time to Xst completion: 8.00 secs
Total CPU time to Xst completion: 7.58 secs
 
--> 

Total memory usage is 4541448 kilobytes

Number of errors   :    0 (   0 filtered)
Number of warnings :    8 (   0 filtered)
Number of infos    :    3 (   0 filtered)

