Release 14.7 - xst P.20131013 (nt64)
Copyright (c) 1995-2013 Xilinx, Inc.  All rights reserved.
--> Parameter TMPDIR set to xst/projnav.tmp


Total REAL time to Xst completion: 0.00 secs
Total CPU time to Xst completion: 0.18 secs
 
--> Parameter xsthdpdir set to xst


Total REAL time to Xst completion: 0.00 secs
Total CPU time to Xst completion: 0.18 secs
 
--> Reading design: RegFile.prj

TABLE OF CONTENTS
  1) Synthesis Options Summary
  2) HDL Parsing
  3) HDL Elaboration
  4) HDL Synthesis
       4.1) HDL Synthesis Report
  5) Advanced HDL Synthesis
       5.1) Advanced HDL Synthesis Report
  6) Low Level Synthesis
  7) Partition Report
  8) Design Summary
       8.1) Primitive and Black Box Usage
       8.2) Device utilization summary
       8.3) Partition Resource Summary
       8.4) Timing Report
            8.4.1) Clock Information
            8.4.2) Asynchronous Control Signals Information
            8.4.3) Timing Summary
            8.4.4) Timing Details
            8.4.5) Cross Clock Domains Report


=========================================================================
*                      Synthesis Options Summary                        *
=========================================================================
---- Source Parameters
Input File Name                    : "RegFile.prj"
Ignore Synthesis Constraint File   : NO

---- Target Parameters
Output File Name                   : "RegFile"
Output Format                      : NGC
Target Device                      : xc6slx45-3-csg484

---- Source Options
Top Module Name                    : RegFile
Automatic FSM Extraction           : YES
FSM Encoding Algorithm             : Auto
Safe Implementation                : No
FSM Style                          : LUT
RAM Extraction                     : Yes
RAM Style                          : Auto
ROM Extraction                     : Yes
Shift Register Extraction          : YES
ROM Style                          : Auto
Resource Sharing                   : YES
Asynchronous To Synchronous        : NO
Shift Register Minimum Size        : 2
Use DSP Block                      : Auto
Automatic Register Balancing       : No

---- Target Options
LUT Combining                      : Auto
Reduce Control Sets                : Auto
Add IO Buffers                     : YES
Global Maximum Fanout              : 100000
Add Generic Clock Buffer(BUFG)     : 16
Register Duplication               : YES
Optimize Instantiated Primitives   : NO
Use Clock Enable                   : Auto
Use Synchronous Set                : Auto
Use Synchronous Reset              : Auto
Pack IO Registers into IOBs        : Auto
Equivalent register Removal        : YES

---- General Options
Optimization Goal                  : Speed
Optimization Effort                : 1
Power Reduction                    : NO
Keep Hierarchy                     : No
Netlist Hierarchy                  : As_Optimized
RTL Output                         : Yes
Global Optimization                : AllClockNets
Read Cores                         : YES
Write Timing Constraints           : NO
Cross Clock Analysis               : NO
Hierarchy Separator                : /
Bus Delimiter                      : <>
Case Specifier                     : Maintain
Slice Utilization Ratio            : 100
BRAM Utilization Ratio             : 100
DSP48 Utilization Ratio            : 100
Auto BRAM Packing                  : NO
Slice Utilization Ratio Delta      : 5

=========================================================================


=========================================================================
*                          HDL Parsing                                  *
=========================================================================
Analyzing Verilog file "D:\Codes\Verilog\CPU\RegFile.v" into library work
Parsing module <RegFile>.

=========================================================================
*                            HDL Elaboration                            *
=========================================================================

Elaborating module <RegFile>.

=========================================================================
*                           HDL Synthesis                               *
=========================================================================

Synthesizing Unit <RegFile>.
    Related source file is "D:\Codes\Verilog\CPU\RegFile.v".
    Found 32x32-bit dual-port RAM <Mram_Register> for signal <Register>.
    Summary:
	inferred   2 RAM(s).
	inferred   2 Multiplexer(s).
Unit <RegFile> synthesized.

=========================================================================
HDL Synthesis Report

Macro Statistics
# RAMs                                                 : 2
 32x32-bit dual-port RAM                               : 2
# Multiplexers                                         : 2
 32-bit 2-to-1 multiplexer                             : 2

=========================================================================

=========================================================================
*                       Advanced HDL Synthesis                          *
=========================================================================


Synthesizing (advanced) Unit <RegFile>.
INFO:Xst:3218 - HDL ADVISOR - The RAM <Mram_Register> will be implemented on LUTs either because you have described an asynchronous read or because of currently unsupported block RAM features. If you have described an asynchronous read, making it synchronous would allow you to take advantage of available block RAM resources, for optimized device usage and improved timings. Please refer to your documentation for coding guidelines.
    -----------------------------------------------------------------------
    | ram_type           | Distributed                         |          |
    -----------------------------------------------------------------------
    | Port A                                                              |
    |     aspect ratio   | 32-word x 32-bit                    |          |
    |     clkA           | connected to signal <Clock>         | rise     |
    |     weA            | connected to internal node          | high     |
    |     addrA          | connected to signal <Wn>            |          |
    |     diA            | connected to signal <Wd>            |          |
    -----------------------------------------------------------------------
    | Port B                                                              |
    |     aspect ratio   | 32-word x 32-bit                    |          |
    |     addrB          | connected to signal <Rn1>           |          |
    |     doB            | connected to internal node          |          |
    -----------------------------------------------------------------------
INFO:Xst:3218 - HDL ADVISOR - The RAM <Mram_Register1> will be implemented on LUTs either because you have described an asynchronous read or because of currently unsupported block RAM features. If you have described an asynchronous read, making it synchronous would allow you to take advantage of available block RAM resources, for optimized device usage and improved timings. Please refer to your documentation for coding guidelines.
    -----------------------------------------------------------------------
    | ram_type           | Distributed                         |          |
    -----------------------------------------------------------------------
    | Port A                                                              |
    |     aspect ratio   | 32-word x 32-bit                    |          |
    |     clkA           | connected to signal <Clock>         | rise     |
    |     weA            | connected to internal node          | high     |
    |     addrA          | connected to signal <Wn>            |          |
    |     diA            | connected to signal <Wd>            |          |
    -----------------------------------------------------------------------
    | Port B                                                              |
    |     aspect ratio   | 32-word x 32-bit                    |          |
    |     addrB          | connected to signal <Rn2>           |          |
    |     doB            | connected to internal node          |          |
    -----------------------------------------------------------------------
Unit <RegFile> synthesized (advanced).

=========================================================================
Advanced HDL Synthesis Report

Macro Statistics
# RAMs                                                 : 2
 32x32-bit dual-port distributed RAM                   : 2
# Multiplexers                                         : 2
 32-bit 2-to-1 multiplexer                             : 2

=========================================================================

=========================================================================
*                         Low Level Synthesis                           *
=========================================================================

Optimizing unit <RegFile> ...

Mapping all equations...
Building and optimizing final netlist ...
Found area constraint ratio of 100 (+ 5) on block RegFile, actual ratio is 0.

Final Macro Processing ...

=========================================================================
Final Register Report

Found no macro
=========================================================================

=========================================================================
*                           Partition Report                            *
=========================================================================

Partition Implementation Status
-------------------------------

  No Partitions were found in this design.

-------------------------------

=========================================================================
*                            Design Summary                             *
=========================================================================

Top Level Output File Name         : RegFile.ngc

Primitive and Black Box Usage:
------------------------------
# BELS                             : 66
#      GND                         : 1
#      LUT6                        : 65
# RAMS                             : 14
#      RAM32M                      : 10
#      RAM32X1D                    : 4
# Clock Buffers                    : 1
#      BUFGP                       : 1
# IO Buffers                       : 112
#      IBUF                        : 48
#      OBUF                        : 64

Device utilization summary:
---------------------------

Selected Device : 6slx45csg484-3 


Slice Logic Utilization: 
 Number of Slice LUTs:                  113  out of  27288     0%  
    Number used as Logic:                65  out of  27288     0%  
    Number used as Memory:               48  out of   6408     0%  
       Number used as RAM:               48

Slice Logic Distribution: 
 Number of LUT Flip Flop pairs used:    113
   Number with an unused Flip Flop:     113  out of    113   100%  
   Number with an unused LUT:             0  out of    113     0%  
   Number of fully used LUT-FF pairs:     0  out of    113     0%  
   Number of unique control sets:         0

IO Utilization: 
 Number of IOs:                         113
 Number of bonded IOBs:                 113  out of    320    35%  

Specific Feature Utilization:
 Number of BUFG/BUFGCTRLs:                1  out of     16     6%  

---------------------------
Partition Resource Summary:
---------------------------

  No Partitions were found in this design.

---------------------------


=========================================================================
Timing Report

NOTE: THESE TIMING NUMBERS ARE ONLY A SYNTHESIS ESTIMATE.
      FOR ACCURATE TIMING INFORMATION PLEASE REFER TO THE TRACE REPORT
      GENERATED AFTER PLACE-and-ROUTE.

Clock Information:
------------------
-----------------------------------+------------------------+-------+
Clock Signal                       | Clock buffer(FF name)  | Load  |
-----------------------------------+------------------------+-------+
Clock                              | BUFGP                  | 14    |
-----------------------------------+------------------------+-------+

Asynchronous Control Signals Information:
----------------------------------------
No asynchronous control signals found in this design

Timing Summary:
---------------
Speed Grade: -3

   Minimum period: No path found
   Minimum input arrival time before clock: 4.012ns
   Maximum output required time after clock: 5.217ns
   Maximum combinational path delay: 7.256ns

Timing Details:
---------------
All values displayed in nanoseconds (ns)

=========================================================================
Timing constraint: Default OFFSET IN BEFORE for Clock 'Clock'
  Total number of paths / destination ports: 238 / 168
-------------------------------------------------------------------------
Offset:              4.012ns (Levels of Logic = 2)
  Source:            Wn<0> (PAD)
  Destination:       Mram_Register2 (RAM)
  Destination Clock: Clock rising

  Data Path: Wn<0> to Mram_Register2
                                Gate     Net
    Cell:in->out      fanout   Delay   Delay  Logical Name (Net Name)
    ----------------------------------------  ------------
     IBUF:I->O            15   1.222   1.326  Wn_0_IBUF (Wn_0_IBUF)
     LUT6:I1->O           14   0.203   0.957  Write_GND_1_o_AND_1_o1 (Write_GND_1_o_AND_1_o)
     RAM32M:WE                 0.304          Mram_Register2
    ----------------------------------------
    Total                      4.012ns (1.729ns logic, 2.283ns route)
                                       (43.1% logic, 56.9% route)

=========================================================================
Timing constraint: Default OFFSET OUT AFTER for Clock 'Clock'
  Total number of paths / destination ports: 64 / 64
-------------------------------------------------------------------------
Offset:              5.217ns (Levels of Logic = 2)
  Source:            Mram_Register6 (RAM)
  Destination:       Out1<27> (PAD)
  Source Clock:      Clock rising

  Data Path: Mram_Register6 to Out1<27>
                                Gate     Net
    Cell:in->out      fanout   Delay   Delay  Logical Name (Net Name)
    ----------------------------------------  ------------
     RAM32M:WCLK->DOB1     1   0.920   0.944  Mram_Register6 (Rn1[4]_read_port_1_OUT<27>)
     LUT6:I0->O            1   0.203   0.579  Mmux_Out1201 (Out1_27_OBUF)
     OBUF:I->O                 2.571          Out1_27_OBUF (Out1<27>)
    ----------------------------------------
    Total                      5.217ns (3.694ns logic, 1.523ns route)
                                       (70.8% logic, 29.2% route)

=========================================================================
Timing constraint: Default path analysis
  Total number of paths / destination ports: 340 / 64
-------------------------------------------------------------------------
Delay:               7.256ns (Levels of Logic = 4)
  Source:            Rn1<0> (PAD)
  Destination:       Out1<31> (PAD)

  Data Path: Rn1<0> to Out1<31>
                                Gate     Net
    Cell:in->out      fanout   Delay   Delay  Logical Name (Net Name)
    ----------------------------------------  ------------
     IBUF:I->O            49   1.222   1.533  Rn1_0_IBUF (Rn1_0_IBUF)
     RAM32X1D:DPRA0->DPO    1   0.205   0.944  Mram_Register71 (Rn1[4]_read_port_1_OUT<30>)
     LUT6:I0->O            1   0.203   0.579  Mmux_Out1241 (Out1_30_OBUF)
     OBUF:I->O                 2.571          Out1_30_OBUF (Out1<30>)
    ----------------------------------------
    Total                      7.256ns (4.201ns logic, 3.055ns route)
                                       (57.9% logic, 42.1% route)

=========================================================================

Cross Clock Domains Report:
--------------------------

=========================================================================


Total REAL time to Xst completion: 6.00 secs
Total CPU time to Xst completion: 5.54 secs
 
--> 

Total memory usage is 4525256 kilobytes

Number of errors   :    0 (   0 filtered)
Number of warnings :    0 (   0 filtered)
Number of infos    :    2 (   0 filtered)

