[1019/151142:ERROR:renderer_main.cc(203)] Running without renderer sandbox
[1019/151142:ERROR:block_files.cc(477)] Failed to open C:\Users\MACHENIKE\AppData\Local\Tencent\Minibrowser\UserData\data_0
[1019/151142:ERROR:cache_util_win.cc(20)] Unable to move the cache: 5
[1019/151142:ERROR:cache_util.cc(132)] Unable to move cache folder C:\Users\MACHENIKE\AppData\Local\Tencent\Minibrowser\UserData to C:\Users\MACHENIKE\AppData\Local\Tencent\Minibrowser\old_UserData_000
[1019/151142:ERROR:cache_creator.cc(133)] Unable to create cache
[1019/151144:ERROR:child_discardable_shared_memory_manager.cc(266)] size: 4194304
[1019/151145:ERROR:child_discardable_shared_memory_manager.cc(266)] size: 4194304
[1019/151145:ERROR:child_discardable_shared_memory_manager.cc(266)] size: 4194304
[1019/151145:ERROR:child_discardable_shared_memory_manager.cc(266)] size: 4194304
[1019/151146:ERROR:child_discardable_shared_memory_manager.cc(266)] size: 4194304
[1019/151146:ERROR:child_discardable_shared_memory_manager.cc(266)] size: 4194304
[1019/151146:ERROR:child_discardable_shared_memory_manager.cc(266)] size: 4194304
[1019/151146:INFO:CONSOLE(9)] "Deprecated method.", source: https://tb1.bdstatic.com/??tb/static-common/lib/tb_lib_897a2d1.js,tb/static-common/ui/common_logic_v2_d234a93.js,tb/static-common/js/tb_ui_e2e9609.js,/tb/_/ban_8422f6c.js (9)
[1019/151147:INFO:CONSOLE(112)] "Uncaught RangeError: Maximum call stack size exceeded", source:  (112)
[1019/151148:INFO:CONSOLE(1)] "Uncaught TypeError: Cannot read property 'left' of null", source: https://tb1.bdstatic.com/tb/static-common/component/commonLogic/common/user_message/UserMessage.js?v=18.7 (1)
[1019/151908:ERROR:audio_low_latency_output_win.cc(181)] Bailing out due to non-perfect timing.  Buffer size of 480 is not an even divisor of 1056
[1019/151908:INFO:CONSOLE(9)] "Deprecated method.", source: https://tb1.bdstatic.com/??tb/static-common/lib/tb_lib_897a2d1.js,tb/static-common/ui/common_logic_v2_d234a93.js,tb/static-common/js/tb_ui_e2e9609.js,/tb/_/ban_8422f6c.js (9)
[1019/151923:ERROR:child_discardable_shared_memory_manager.cc(266)] size: 4194304
[1019/151924:ERROR:child_discardable_shared_memory_manager.cc(266)] size: 4194304
[1019/152113:INFO:CONSOLE(9)] "Deprecated method.", source: https://tb1.bdstatic.com/??tb/static-common/lib/tb_lib_897a2d1.js,tb/static-common/ui/common_logic_v2_d234a93.js,tb/static-common/js/tb_ui_e2e9609.js,/tb/_/ban_8422f6c.js (9)
[1019/152124:ERROR:child_discardable_shared_memory_manager.cc(266)] size: 4194304
[1019/152132:ERROR:child_discardable_shared_memory_manager.cc(266)] size: 4194304
[1019/152152:INFO:CONSOLE(9)] "Deprecated method.", source: https://tb1.bdstatic.com/??tb/static-common/lib/tb_lib_897a2d1.js,tb/static-common/ui/common_logic_v2_d234a93.js,tb/static-common/js/tb_ui_e2e9609.js,/tb/_/ban_8422f6c.js (9)
[1019/152153:ERROR:child_discardable_shared_memory_manager.cc(266)] size: 4194304
[1019/152153:ERROR:child_discardable_shared_memory_manager.cc(266)] size: 4194304
[1019/152212:INFO:CONSOLE(9)] "Deprecated method.", source: https://tb1.bdstatic.com/??tb/static-common/lib/tb_lib_897a2d1.js,tb/static-common/ui/common_logic_v2_d234a93.js,tb/static-common/js/tb_ui_e2e9609.js,/tb/_/ban_8422f6c.js (9)
[1019/152229:ERROR:child_discardable_shared_memory_manager.cc(266)] size: 4194304
[1019/152242:ERROR:renderer_main.cc(203)] Running without renderer sandbox
[1019/152242:ERROR:block_files.cc(477)] Failed to open C:\Users\MACHENIKE\AppData\Local\Tencent\Minibrowser\UserData\data_0
[1019/152242:ERROR:cache_util_win.cc(20)] Unable to move the cache: 5
[1019/152242:ERROR:cache_util.cc(132)] Unable to move cache folder C:\Users\MACHENIKE\AppData\Local\Tencent\Minibrowser\UserData to C:\Users\MACHENIKE\AppData\Local\Tencent\Minibrowser\old_UserData_000
[1019/152242:ERROR:cache_creator.cc(133)] Unable to create cache
[1019/152243:ERROR:child_discardable_shared_memory_manager.cc(266)] size: 4194304
[1019/152244:ERROR:child_discardable_shared_memory_manager.cc(266)] size: 4194304
[1019/152245:INFO:CONSOLE(9)] "Deprecated method.", source: https://tb1.bdstatic.com/??tb/static-common/lib/tb_lib_897a2d1.js,tb/static-common/ui/common_logic_v2_d234a93.js,tb/static-common/js/tb_ui_e2e9609.js,/tb/_/ban_8422f6c.js (9)
[1019/152246:INFO:CONSOLE(112)] "Uncaught RangeError: Maximum call stack size exceeded", source:  (112)
[1019/152247:INFO:CONSOLE(1)] "Uncaught TypeError: Cannot read property 'left' of null", source: https://tb1.bdstatic.com/tb/static-common/component/commonLogic/common/user_message/UserMessage.js?v=18.7 (1)
[1019/152435:ERROR:child_discardable_shared_memory_manager.cc(266)] size: 4194304
[1019/152435:ERROR:child_discardable_shared_memory_manager.cc(266)] size: 4194304
[1019/152512:ERROR:child_discardable_shared_memory_manager.cc(266)] size: 4194304
[1019/152512:ERROR:child_discardable_shared_memory_manager.cc(266)] size: 4194304
[1019/152546:ERROR:child_discardable_shared_memory_manager.cc(266)] size: 4194304
[1019/152546:ERROR:child_discardable_shared_memory_manager.cc(266)] size: 4194304
[1019/152800:ERROR:child_discardable_shared_memory_manager.cc(266)] size: 4194304
[1019/152803:ERROR:child_discardable_shared_memory_manager.cc(266)] size: 4194304
